0 info it worked if it ends with ok
1 verbose cli [ 'D:\\Program Files\\nodejs\\node.exe',
1 verbose cli   'D:\\Program Files\\nodejs\\node_modules\\npm\\bin\\npm-cli.js',
1 verbose cli   'run',
1 verbose cli   'prod' ]
2 info using npm@3.10.10
3 info using node@v6.10.2
4 verbose run-script [ 'preprod', 'prod', 'postprod' ]
5 info lifecycle vuet@1.0.0~preprod: vuet@1.0.0
6 silly lifecycle vuet@1.0.0~preprod: no script for preprod, continuing
7 info lifecycle vuet@1.0.0~prod: vuet@1.0.0
8 verbose lifecycle vuet@1.0.0~prod: unsafe-perm in lifecycle true
9 verbose lifecycle vuet@1.0.0~prod: PATH: D:\Program Files\nodejs\node_modules\npm\bin\node-gyp-bin;E:\CloudDefenseGit\365gcd_operation_center\node_modules\.bin;D:\Program Files\cmder\bin;D:\Program Files\cmder\vendor\conemu-maximus5\ConEmu\Scripts;D:\Program Files\cmder\vendor\conemu-maximus5;D:\Program Files\cmder\vendor\conemu-maximus5\ConEmu;C:\Windows\system32;C:\Windows;C:\Windows\System32\Wbem;C:\Windows\System32\WindowsPowerShell\v1.0\;C:\Program Files\TortoiseSVN\bin;D:\Program Files\nodejs\;D:\Program Files\cmder;D:\Program Files\Git\cmd;D:\Program Files (x86)\Microsoft VS Code\bin;C:\Users\wujiantao\AppData\Roaming\npm;D:\Program Files\Git\usr\bin;D:\Program Files\Git\usr\share\vim\vim74;D:\Program Files\cmder\
10 verbose lifecycle vuet@1.0.0~prod: CWD: E:\CloudDefenseGit\365gcd_operation_center
11 silly lifecycle vuet@1.0.0~prod: Args: [ '/d /s /c',
11 silly lifecycle   'cross-env NODE_ENV=production webpack --progress --hide-modules' ]
12 silly lifecycle vuet@1.0.0~prod: Returned: code: 2  signal: null
13 info lifecycle vuet@1.0.0~prod: Failed to exec prod script
14 verbose stack Error: vuet@1.0.0 prod: `cross-env NODE_ENV=production webpack --progress --hide-modules`
14 verbose stack Exit status 2
14 verbose stack     at EventEmitter.<anonymous> (D:\Program Files\nodejs\node_modules\npm\lib\utils\lifecycle.js:255:16)
14 verbose stack     at emitTwo (events.js:106:13)
14 verbose stack     at EventEmitter.emit (events.js:191:7)
14 verbose stack     at ChildProcess.<anonymous> (D:\Program Files\nodejs\node_modules\npm\lib\utils\spawn.js:40:14)
14 verbose stack     at emitTwo (events.js:106:13)
14 verbose stack     at ChildProcess.emit (events.js:191:7)
14 verbose stack     at maybeClose (internal/child_process.js:886:16)
14 verbose stack     at Process.ChildProcess._handle.onexit (internal/child_process.js:226:5)
15 verbose pkgid vuet@1.0.0
16 verbose cwd E:\CloudDefenseGit\365gcd_operation_center
17 error Windows_NT 6.1.7600
18 error argv "D:\\Program Files\\nodejs\\node.exe" "D:\\Program Files\\nodejs\\node_modules\\npm\\bin\\npm-cli.js" "run" "prod"
19 error node v6.10.2
20 error npm  v3.10.10
21 error code ELIFECYCLE
22 error vuet@1.0.0 prod: `cross-env NODE_ENV=production webpack --progress --hide-modules`
22 error Exit status 2
23 error Failed at the vuet@1.0.0 prod script 'cross-env NODE_ENV=production webpack --progress --hide-modules'.
23 error Make sure you have the latest version of node.js and npm installed.
23 error If you do, this is most likely a problem with the vuet package,
23 error not with npm itself.
23 error Tell the author that this fails on your system:
23 error     cross-env NODE_ENV=production webpack --progress --hide-modules
23 error You can get information on how to open an issue for this project with:
23 error     npm bugs vuet
23 error Or if that isn't available, you can get their info via:
23 error     npm owner ls vuet
23 error There is likely additional logging output above.
24 verbose exit [ 1, true ]
